<?xml version="1.0" encoding="UTF-8"?>
<!-- Generated by org.testng.reporters.JUnitReportReporter -->
<testsuite hostname="DESKTOP-O0KBCH5" failures="0" tests="2" name="com.runner.TestNGTestRunner" time="25.665" errors="0" timestamp="2023-07-07T00:16:48 IST" skipped="0">
  <testcase classname="com.runner.TestNGTestRunner" name="runScenario" time="9.623"/>
  <system-out/>
  <testcase classname="com.runner.TestNGTestRunner" name="runScenario" time="16.042"/>
  <system-out/>
</testsuite> <!-- com.runner.TestNGTestRunner -->
