<?xml version="1.0" encoding="UTF-8"?>
<!-- Generated by org.testng.reporters.JUnitReportReporter -->
<testsuite hostname="DESKTOP-O0KBCH5" failures="0" tests="1" name="com.Base.BaseClass" time="6.716" errors="0" timestamp="2023-07-04T00:23:05 IST" skipped="0">
  <testcase classname="com.Base.BaseClass" name="setup" time="6.716"/>
  <system-out/>
</testsuite> <!-- com.Base.BaseClass -->
