<?xml version="1.0" encoding="UTF-8"?>
<!-- Generated by org.testng.reporters.JUnitReportReporter -->
<testsuite hostname="DESKTOP-O0KBCH5" failures="0" tests="2" name="com.Testcase.Test_01" time="17.013" errors="0" timestamp="2023-09-08T15:37:57 IST" skipped="0">
  <testcase classname="com.Testcase.Test_01" name="ManagerLogin" time="6.603"/>
  <system-out/>
  <testcase classname="com.Testcase.Test_01" name="CustomerLogin" time="10.410"/>
  <system-out/>
</testsuite> <!-- com.Testcase.Test_01 -->
